09:49:35.558 [main                     ] DEBUG GameApplication      - Logger initialized
09:49:35.583 [main                     ] DEBUG GameApplication      - Logging settings
Title: Ronhead
Version: 1.0
Width: 480
Height: 800
Fullscreen: false
Intro: false
Menus: true
Profiling: false
Single step:false
App Mode: DEVELOPER
Menu Key: ESCAPE
Stage Style: DECORATED
Scene Factory: class com.almasb.fxgl.app.SceneFactory
Dialog Factory: class com.almasb.fxgl.ui.FXGLDialogFactory
UI Factory: class com.almasb.fxgl.ui.FXGLUIFactory

09:49:35.884 [JavaFX Application Thread] DEBUG Engine               - Initializing FXGL
09:49:35.892 [JavaFX Application Thread] INFO  Engine               - FXGL-11.0-SNAPSHOT on DESKTOP
09:49:35.892 [JavaFX Application Thread] INFO  Engine               - Source code and latest versions at: https://github.com/AlmasB/FXGL
09:49:35.892 [JavaFX Application Thread] INFO  Engine               -              Join the FXGL chat at: https://gitter.im/AlmasB/FXGL
09:49:35.915 [JavaFX Application Thread] DEBUG SaveLoadManager      - Checking profiles dir: profiles/
09:49:35.919 [JavaFX Application Thread] DEBUG FS                   - Loaded MobileFSService
09:49:35.919 [JavaFX Application Thread] DEBUG Engine               - Loading localizations
09:49:35.930 [JavaFX Application Thread] DEBUG AssetLoader          - Loading from disk: /assets/properties/languages/english.properties
09:49:35.931 [JavaFX Application Thread] DEBUG AssetLoader          - Loading from disk: /assets/properties/languages/french.properties
09:49:35.932 [JavaFX Application Thread] DEBUG AssetLoader          - Loading from disk: /assets/properties/languages/german.properties
09:49:35.933 [JavaFX Application Thread] DEBUG AssetLoader          - Loading from disk: /assets/properties/languages/russian.properties
09:49:35.934 [JavaFX Application Thread] DEBUG AssetLoader          - Loading from disk: /assets/properties/languages/hungarian.properties
09:49:35.936 [JavaFX Application Thread] DEBUG Engine               - Registering font factories
09:49:35.937 [JavaFX Application Thread] DEBUG AssetLoader          - Loading from disk: /assets/ui/fonts/VarelaRound-Regular.ttf
09:49:36.065 [JavaFX Application Thread] DEBUG AssetLoader          - Loading from disk: /assets/ui/fonts/Abel-Regular.ttf
09:49:36.072 [JavaFX Application Thread] DEBUG AssetLoader          - Loading from disk: /assets/ui/fonts/lucida_console.ttf
09:49:36.080 [JavaFX Application Thread] DEBUG AssetLoader          - Loading from disk: /assets/ui/fonts/Courier-Prime.ttf
09:49:36.087 [JavaFX Application Thread] DEBUG Engine               - Setting UI factory
09:49:36.191 [JavaFX Application Thread] DEBUG AssetLoader          - Loading from disk: /assets/ui/cursors/fxgl_default.png
09:49:36.260 [JavaFX Application Thread] DEBUG MainWindow           - Creating a JavaFX scene
09:49:36.301 [JavaFX Application Thread] DEBUG MainWindow           - Target settings size: 480.0 x 800.0
09:49:36.302 [JavaFX Application Thread] DEBUG MainWindow           - Scaled scene size:    480.0 x 800.0
09:49:36.302 [JavaFX Application Thread] DEBUG MainWindow           - Scaled ratio: (1.0, 1.0)
09:49:36.302 [JavaFX Application Thread] DEBUG AssetLoader          - Loading from disk: /assets/ui/css/fxgl_dark.css
09:49:36.303 [JavaFX Application Thread] DEBUG Input                - Clearing active input actions
09:49:36.303 [JavaFX Application Thread] DEBUG MainWindow           - com.almasb.fxgl.app.StartupScene@56788cfd -> com.almasb.fxgl.app.StartupScene@56788cfd
09:49:36.304 [JavaFX Application Thread] DEBUG AssetLoader          - Loading from disk: /assets/textures/fxgl_icon.png
09:49:36.320 [JavaFX Application Thread] DEBUG MainWindow           - Opening main window
09:49:36.432 [JavaFX Application Thread] DEBUG MainWindow           - Window border size: (16.0, 39.0)
09:49:36.432 [JavaFX Application Thread] DEBUG MainWindow           - Scaled size: 480.0 x 800.0
09:49:36.432 [JavaFX Application Thread] DEBUG MainWindow           - Scaled ratio: (1.0, 1.0)
09:49:36.432 [JavaFX Application Thread] DEBUG MainWindow           - Scene size: 480.0 x 800.0
09:49:36.432 [JavaFX Application Thread] DEBUG MainWindow           - Stage size: 496.0 x 839.0
09:49:36.453 [FXGL Background Thread 1 ] DEBUG Engine               - Loading FXGL system data
09:49:36.456 [FXGL Background Thread 1 ] DEBUG MobileFSService      - Reading from: C:\Users\mads_\OneDrive\Skrivebord\dm\Januar opgave\Ronhead\system\fxgl.bundle
09:49:36.462 [FXGL Background Thread 1 ] DEBUG Bundle               - Logging bundle: FXGL
09:49:36.462 [FXGL Background Thread 1 ] DEBUG Engine               - Initializing application scenes
09:49:36.463 [FXGL Background Thread 1 ] DEBUG AssetLoader          - Loading from disk: /assets/ui/cursors/fxgl_default.png
09:49:36.472 [FXGL Background Thread 1 ] DEBUG GameWorld            - Game world initialized
09:49:36.502 [FXGL Background Thread 1 ] DEBUG PhysicsWorld         - Physics world initialized: appHeight=800, physics.ppm=50,0
09:49:36.503 [FXGL Background Thread 1 ] DEBUG AssetLoader          - Loading from disk: /assets/ui/cursors/fxgl_default.png
09:49:36.505 [FXGL Background Thread 1 ] DEBUG GameScene            - Game scene initialized: 480x800
09:49:36.520 [FXGL Background Thread 1 ] DEBUG AssetLoader          - Loading from disk: /assets/ui/cursors/fxgl_default.png
09:49:36.529 [FXGL Background Thread 1 ] DEBUG AssetLoader          - Loading from disk: /assets/textures/particles/trace_horizontal.png
09:49:36.547 [FXGL Background Thread 1 ] DEBUG FXGL.DefaultMenu     - createMenuBodyMainMenu()
09:49:36.557 [FXGL Background Thread 1 ] DEBUG FXGL.DefaultMenu     - createOptionsMenu()
09:49:36.560 [FXGL Background Thread 1 ] DEBUG AssetLoader          - Loading from disk: /assets/textures/particles/smoke.png
09:49:36.595 [FXGL Background Thread 1 ] DEBUG AssetLoader          - Loading from disk: /assets/ui/cursors/fxgl_default.png
09:49:36.597 [FXGL Background Thread 1 ] DEBUG AssetLoader          - Loading from cache: /assets/textures/particles/trace_horizontal.png@64.0x64.0
09:49:36.597 [FXGL Background Thread 1 ] DEBUG FXGL.DefaultMenu     - createMenuBodyGameMenu()
09:49:36.599 [FXGL Background Thread 1 ] DEBUG FXGL.DefaultMenu     - createOptionsMenu()
09:49:36.600 [FXGL Background Thread 1 ] DEBUG AssetLoader          - Loading from cache: /assets/textures/particles/smoke.png@128.0x128.0
09:49:36.611 [FXGL Background Thread 1 ] DEBUG Engine               - Application scenes initialized
09:49:36.613 [JavaFX Application Thread] DEBUG Engine               - Running preInit()
09:49:36.620 [JavaFX Application Thread] DEBUG Input                - Registered new binding: Move Left - Left
09:49:36.621 [JavaFX Application Thread] DEBUG Input                - Registered new binding: Move Right - Right
09:49:36.621 [JavaFX Application Thread] DEBUG Input                - Registered new binding: Screenshot - P
09:49:36.622 [JavaFX Application Thread] DEBUG Input                - Registered new binding: Dev Options - 1
09:49:36.622 [JavaFX Application Thread] DEBUG Input                - Registered new binding: System info dump - CTRL+9
09:49:36.622 [JavaFX Application Thread] DEBUG Input                - Registered new binding: Restart - CTRL+R
09:49:36.623 [JavaFX Application Thread] DEBUG Engine               - generateDefaultProfile()
09:49:36.623 [JavaFX Application Thread] DEBUG Engine               - Creating default profile
09:49:36.623 [JavaFX Application Thread] DEBUG EventBus             - Firing event: SaveEvent
09:49:36.624 [JavaFX Application Thread] INFO  Engine               - FXGL initialization took: 0,704 sec
09:49:36.624 [JavaFX Application Thread] DEBUG LoopRunner           - Starting loop
09:49:36.642 [JavaFX Application Thread] DEBUG StartupScene         - STARTUP
09:49:36.642 [JavaFX Application Thread] DEBUG AssetLoader          - Loading from disk: /assets/ui/css/fxgl_dark.css
09:49:36.643 [JavaFX Application Thread] DEBUG Input                - Clearing active input actions
09:49:36.659 [JavaFX Application Thread] DEBUG MainWindow           - com.almasb.fxgl.app.StartupScene@56788cfd -> com.almasb.fxgl.app.FXGLDefaultMenu@31b342df
09:49:37.245 [JavaFX Application Thread] DEBUG FXGL.Menu            - fireNewGame()
09:49:37.245 [JavaFX Application Thread] DEBUG Engine               - Starting new game
09:49:37.245 [JavaFX Application Thread] DEBUG AssetLoader          - Loading from disk: /assets/ui/css/fxgl_dark.css
09:49:37.245 [JavaFX Application Thread] DEBUG Input                - Clearing active input actions
09:49:37.259 [JavaFX Application Thread] DEBUG MainWindow           - com.almasb.fxgl.app.FXGLDefaultMenu@31b342df -> com.almasb.fxgl.app.LoadingScene@58e89a3
09:49:37.264 [FXGL Background Thread 1 ] DEBUG InitAppTask          - Clearing previous game
09:49:37.264 [FXGL Background Thread 1 ] DEBUG GameWorld            - Clearing game world
09:49:37.264 [FXGL Background Thread 1 ] DEBUG PhysicsWorld         - Clearing physics world
09:49:37.264 [FXGL Background Thread 1 ] DEBUG GameScene            - Clearing game scene
09:49:37.264 [FXGL Background Thread 1 ] DEBUG InitAppTask          - Initializing Game
09:49:37.266 [FXGL Background Thread 1 ] DEBUG AssetLoader          - Loading from disk: /assets/textures/Field.png
09:49:37.298 [FXGL Background Thread 1 ] DEBUG AssetLoader          - Loading from disk: /assets/textures/Ronhead.png
09:49:37.386 [FXGL Background Thread 1 ] DEBUG AudioPlayer          - Playing music com.almasb.fxgl.audio.Music@415f2cd0
09:49:37.389 [FXGL Background Thread 1 ] DEBUG InitAppTask          - Initializing Physics
09:49:37.390 [FXGL Background Thread 1 ] DEBUG InitAppTask          - Initializing UI
09:49:37.392 [FXGL Background Thread 1 ] DEBUG InitAppTask          - Initialization Complete
09:49:37.392 [FXGL Background Thread 1 ] INFO  InitAppTask          - Game initialization took: 0,128 sec
09:49:37.394 [JavaFX Application Thread] DEBUG AssetLoader          - Loading from disk: /assets/ui/css/fxgl_dark.css
09:49:37.394 [JavaFX Application Thread] DEBUG Input                - Clearing active input actions
09:49:37.398 [JavaFX Application Thread] DEBUG MainWindow           - com.almasb.fxgl.app.LoadingScene@58e89a3 -> com.almasb.fxgl.app.GameScene@32a52a4d
09:49:38.350 [JavaFX Application Thread] DEBUG AssetLoader          - Loading from disk: /assets/textures/ball.png
09:49:39.357 [JavaFX Application Thread] DEBUG AssetLoader          - Loading from cache: /assets/textures/ball.png
09:49:40.382 [JavaFX Application Thread] DEBUG AssetLoader          - Loading from cache: /assets/textures/ball.png
09:49:41.389 [JavaFX Application Thread] DEBUG AssetLoader          - Loading from cache: /assets/textures/ball.png
09:49:42.110 [JavaFX Application Thread] DEBUG AssetLoader          - Loading from cache: /assets/sounds/siii.wav
09:49:42.414 [JavaFX Application Thread] DEBUG AssetLoader          - Loading from cache: /assets/textures/ball.png
09:49:43.118 [JavaFX Application Thread] DEBUG AssetLoader          - Loading from cache: /assets/sounds/siii.wav
09:49:43.422 [JavaFX Application Thread] DEBUG AssetLoader          - Loading from cache: /assets/textures/ball.png
09:49:44.013 [JavaFX Application Thread] DEBUG Engine               - Exiting FXGL
09:49:44.013 [JavaFX Application Thread] DEBUG Engine               - Shutting down background threads
09:49:44.013 [JavaFX Application Thread] DEBUG Engine               - Saving FXGL system data
09:49:44.015 [JavaFX Application Thread] DEBUG MobileFSService      - Writing to: C:\Users\mads_\OneDrive\Skrivebord\dm\Januar opgave\Ronhead\system\fxgl.bundle
09:49:44.017 [JavaFX Application Thread] DEBUG Engine               - Closing logger and exiting JavaFX
