10:07:56.677 [main                     ] DEBUG GameApplication      - Logger initialized
10:07:56.698 [main                     ] DEBUG GameApplication      - Logging settings
Title: Ronhead
Version: 1.0
Width: 480
Height: 800
Fullscreen: false
Intro: false
Menus: true
Profiling: false
Single step:false
App Mode: DEVELOPER
Menu Key: ESCAPE
Stage Style: DECORATED
Scene Factory: class com.almasb.fxgl.app.SceneFactory
Dialog Factory: class com.almasb.fxgl.ui.FXGLDialogFactory
UI Factory: class com.almasb.fxgl.ui.FXGLUIFactory

10:07:57.008 [JavaFX Application Thread] DEBUG Engine               - Initializing FXGL
10:07:57.014 [JavaFX Application Thread] INFO  Engine               - FXGL-11.0-SNAPSHOT on DESKTOP
10:07:57.014 [JavaFX Application Thread] INFO  Engine               - Source code and latest versions at: https://github.com/AlmasB/FXGL
10:07:57.014 [JavaFX Application Thread] INFO  Engine               -              Join the FXGL chat at: https://gitter.im/AlmasB/FXGL
10:07:57.034 [JavaFX Application Thread] DEBUG SaveLoadManager      - Checking profiles dir: profiles/
10:07:57.037 [JavaFX Application Thread] DEBUG FS                   - Loaded MobileFSService
10:07:57.038 [JavaFX Application Thread] DEBUG Engine               - Loading localizations
10:07:57.048 [JavaFX Application Thread] DEBUG AssetLoader          - Loading from disk: /assets/properties/languages/english.properties
10:07:57.050 [JavaFX Application Thread] DEBUG AssetLoader          - Loading from disk: /assets/properties/languages/french.properties
10:07:57.052 [JavaFX Application Thread] DEBUG AssetLoader          - Loading from disk: /assets/properties/languages/german.properties
10:07:57.053 [JavaFX Application Thread] DEBUG AssetLoader          - Loading from disk: /assets/properties/languages/russian.properties
10:07:57.054 [JavaFX Application Thread] DEBUG AssetLoader          - Loading from disk: /assets/properties/languages/hungarian.properties
10:07:57.056 [JavaFX Application Thread] DEBUG Engine               - Registering font factories
10:07:57.057 [JavaFX Application Thread] DEBUG AssetLoader          - Loading from disk: /assets/ui/fonts/VarelaRound-Regular.ttf
10:07:57.184 [JavaFX Application Thread] DEBUG AssetLoader          - Loading from disk: /assets/ui/fonts/Abel-Regular.ttf
10:07:57.191 [JavaFX Application Thread] DEBUG AssetLoader          - Loading from disk: /assets/ui/fonts/lucida_console.ttf
10:07:57.199 [JavaFX Application Thread] DEBUG AssetLoader          - Loading from disk: /assets/ui/fonts/Courier-Prime.ttf
10:07:57.207 [JavaFX Application Thread] DEBUG Engine               - Setting UI factory
10:07:57.311 [JavaFX Application Thread] DEBUG AssetLoader          - Loading from disk: /assets/ui/cursors/fxgl_default.png
10:07:57.373 [JavaFX Application Thread] DEBUG MainWindow           - Creating a JavaFX scene
10:07:57.411 [JavaFX Application Thread] DEBUG MainWindow           - Target settings size: 480.0 x 800.0
10:07:57.412 [JavaFX Application Thread] DEBUG MainWindow           - Scaled scene size:    480.0 x 800.0
10:07:57.412 [JavaFX Application Thread] DEBUG MainWindow           - Scaled ratio: (1.0, 1.0)
10:07:57.412 [JavaFX Application Thread] DEBUG AssetLoader          - Loading from disk: /assets/ui/css/fxgl_dark.css
10:07:57.413 [JavaFX Application Thread] DEBUG Input                - Clearing active input actions
10:07:57.413 [JavaFX Application Thread] DEBUG MainWindow           - com.almasb.fxgl.app.StartupScene@6b2c0c65 -> com.almasb.fxgl.app.StartupScene@6b2c0c65
10:07:57.414 [JavaFX Application Thread] DEBUG AssetLoader          - Loading from disk: /assets/textures/fxgl_icon.png
10:07:57.435 [JavaFX Application Thread] DEBUG MainWindow           - Opening main window
10:07:57.551 [JavaFX Application Thread] DEBUG MainWindow           - Window border size: (16.0, 39.0)
10:07:57.551 [JavaFX Application Thread] DEBUG MainWindow           - Scaled size: 480.0 x 800.0
10:07:57.551 [JavaFX Application Thread] DEBUG MainWindow           - Scaled ratio: (1.0, 1.0)
10:07:57.551 [JavaFX Application Thread] DEBUG MainWindow           - Scene size: 480.0 x 800.0
10:07:57.551 [JavaFX Application Thread] DEBUG MainWindow           - Stage size: 496.0 x 839.0
10:07:57.558 [FXGL Background Thread 1 ] DEBUG Engine               - Loading FXGL system data
10:07:57.561 [FXGL Background Thread 1 ] DEBUG MobileFSService      - Reading from: C:\Users\mads_\OneDrive\Skrivebord\dm\Januar opgave\Ronhead\system\fxgl.bundle
10:07:57.567 [FXGL Background Thread 1 ] DEBUG Bundle               - Logging bundle: FXGL
10:07:57.568 [FXGL Background Thread 1 ] DEBUG Engine               - Initializing application scenes
10:07:57.570 [FXGL Background Thread 1 ] DEBUG AssetLoader          - Loading from disk: /assets/ui/cursors/fxgl_default.png
10:07:57.579 [FXGL Background Thread 1 ] DEBUG GameWorld            - Game world initialized
10:07:57.612 [FXGL Background Thread 1 ] DEBUG PhysicsWorld         - Physics world initialized: appHeight=800, physics.ppm=50,0
10:07:57.613 [FXGL Background Thread 1 ] DEBUG AssetLoader          - Loading from disk: /assets/ui/cursors/fxgl_default.png
10:07:57.614 [FXGL Background Thread 1 ] DEBUG GameScene            - Game scene initialized: 480x800
10:07:57.629 [FXGL Background Thread 1 ] DEBUG AssetLoader          - Loading from disk: /assets/ui/cursors/fxgl_default.png
10:07:57.639 [FXGL Background Thread 1 ] DEBUG AssetLoader          - Loading from disk: /assets/textures/particles/trace_horizontal.png
10:07:57.652 [FXGL Background Thread 1 ] DEBUG FXGL.DefaultMenu     - createMenuBodyMainMenu()
10:07:57.662 [FXGL Background Thread 1 ] DEBUG FXGL.DefaultMenu     - createOptionsMenu()
10:07:57.665 [FXGL Background Thread 1 ] DEBUG AssetLoader          - Loading from disk: /assets/textures/particles/smoke.png
10:07:57.698 [FXGL Background Thread 1 ] DEBUG AssetLoader          - Loading from disk: /assets/ui/cursors/fxgl_default.png
10:07:57.700 [FXGL Background Thread 1 ] DEBUG AssetLoader          - Loading from cache: /assets/textures/particles/trace_horizontal.png@64.0x64.0
10:07:57.700 [FXGL Background Thread 1 ] DEBUG FXGL.DefaultMenu     - createMenuBodyGameMenu()
10:07:57.701 [FXGL Background Thread 1 ] DEBUG FXGL.DefaultMenu     - createOptionsMenu()
10:07:57.703 [FXGL Background Thread 1 ] DEBUG AssetLoader          - Loading from cache: /assets/textures/particles/smoke.png@128.0x128.0
10:07:57.715 [FXGL Background Thread 1 ] DEBUG Engine               - Application scenes initialized
10:07:57.717 [JavaFX Application Thread] DEBUG Engine               - Running preInit()
10:07:57.725 [JavaFX Application Thread] DEBUG Input                - Registered new binding: Move Left - Left
10:07:57.726 [JavaFX Application Thread] DEBUG Input                - Registered new binding: Move Right - Right
10:07:57.726 [JavaFX Application Thread] DEBUG Input                - Registered new binding: Screenshot - P
10:07:57.727 [JavaFX Application Thread] DEBUG Input                - Registered new binding: Dev Options - 1
10:07:57.727 [JavaFX Application Thread] DEBUG Input                - Registered new binding: System info dump - CTRL+9
10:07:57.727 [JavaFX Application Thread] DEBUG Input                - Registered new binding: Restart - CTRL+R
10:07:57.727 [JavaFX Application Thread] DEBUG Engine               - generateDefaultProfile()
10:07:57.727 [JavaFX Application Thread] DEBUG Engine               - Creating default profile
10:07:57.728 [JavaFX Application Thread] DEBUG EventBus             - Firing event: SaveEvent
10:07:57.728 [JavaFX Application Thread] INFO  Engine               - FXGL initialization took: 0,690 sec
10:07:57.728 [JavaFX Application Thread] DEBUG LoopRunner           - Starting loop
10:07:57.737 [JavaFX Application Thread] DEBUG StartupScene         - STARTUP
10:07:57.737 [JavaFX Application Thread] DEBUG AssetLoader          - Loading from disk: /assets/ui/css/fxgl_dark.css
10:07:57.738 [JavaFX Application Thread] DEBUG Input                - Clearing active input actions
10:07:57.751 [JavaFX Application Thread] DEBUG MainWindow           - com.almasb.fxgl.app.StartupScene@6b2c0c65 -> com.almasb.fxgl.app.FXGLDefaultMenu@4601c95b
10:07:58.477 [JavaFX Application Thread] DEBUG FXGL.Menu            - fireNewGame()
10:07:58.477 [JavaFX Application Thread] DEBUG Engine               - Starting new game
10:07:58.477 [JavaFX Application Thread] DEBUG AssetLoader          - Loading from disk: /assets/ui/css/fxgl_dark.css
10:07:58.477 [JavaFX Application Thread] DEBUG Input                - Clearing active input actions
10:07:58.483 [JavaFX Application Thread] DEBUG MainWindow           - com.almasb.fxgl.app.FXGLDefaultMenu@4601c95b -> com.almasb.fxgl.app.LoadingScene@1cbf3e38
10:07:58.487 [FXGL Background Thread 1 ] DEBUG InitAppTask          - Clearing previous game
10:07:58.487 [FXGL Background Thread 1 ] DEBUG GameWorld            - Clearing game world
10:07:58.487 [FXGL Background Thread 1 ] DEBUG PhysicsWorld         - Clearing physics world
10:07:58.487 [FXGL Background Thread 1 ] DEBUG GameScene            - Clearing game scene
10:07:58.488 [FXGL Background Thread 1 ] DEBUG InitAppTask          - Initializing Game
10:07:58.489 [FXGL Background Thread 1 ] DEBUG AssetLoader          - Loading from disk: /assets/textures/Field.png
10:07:58.518 [FXGL Background Thread 1 ] DEBUG AssetLoader          - Loading from disk: /assets/textures/Ronhead.png
10:07:58.604 [FXGL Background Thread 1 ] DEBUG AudioPlayer          - Playing music com.almasb.fxgl.audio.Music@66ed0a17
10:07:58.605 [FXGL Background Thread 1 ] DEBUG InitAppTask          - Initializing Physics
10:07:58.606 [FXGL Background Thread 1 ] DEBUG InitAppTask          - Initializing UI
10:07:58.607 [FXGL Background Thread 1 ] DEBUG InitAppTask          - Initialization Complete
10:07:58.608 [FXGL Background Thread 1 ] INFO  InitAppTask          - Game initialization took: 0,121 sec
10:07:58.623 [JavaFX Application Thread] DEBUG AssetLoader          - Loading from disk: /assets/ui/css/fxgl_dark.css
10:07:58.623 [JavaFX Application Thread] DEBUG Input                - Clearing active input actions
10:07:58.627 [JavaFX Application Thread] DEBUG MainWindow           - com.almasb.fxgl.app.LoadingScene@1cbf3e38 -> com.almasb.fxgl.app.GameScene@60ce44a7
10:07:59.573 [JavaFX Application Thread] DEBUG AssetLoader          - Loading from disk: /assets/textures/ball.png
10:08:00.533 [JavaFX Application Thread] DEBUG AssetLoader          - Loading from cache: /assets/textures/ball.png
10:08:01.493 [JavaFX Application Thread] DEBUG AssetLoader          - Loading from cache: /assets/textures/ball.png
10:08:02.453 [JavaFX Application Thread] DEBUG AssetLoader          - Loading from cache: /assets/textures/ball.png
10:08:03.413 [JavaFX Application Thread] DEBUG AssetLoader          - Loading from cache: /assets/textures/ball.png
10:08:04.373 [JavaFX Application Thread] DEBUG AssetLoader          - Loading from cache: /assets/textures/ball.png
10:08:05.301 [JavaFX Application Thread] DEBUG Engine               - Exiting FXGL
10:08:05.301 [JavaFX Application Thread] DEBUG Engine               - Shutting down background threads
10:08:05.301 [JavaFX Application Thread] DEBUG Engine               - Saving FXGL system data
10:08:05.304 [JavaFX Application Thread] DEBUG MobileFSService      - Writing to: C:\Users\mads_\OneDrive\Skrivebord\dm\Januar opgave\Ronhead\system\fxgl.bundle
10:08:05.306 [JavaFX Application Thread] DEBUG Engine               - Closing logger and exiting JavaFX
