09:49:26.385 [main                     ] DEBUG GameApplication      - Logger initialized
09:49:26.407 [main                     ] DEBUG GameApplication      - Logging settings
Title: Ronhead
Version: 1.0
Width: 480
Height: 800
Fullscreen: false
Intro: false
Menus: true
Profiling: false
Single step:false
App Mode: DEVELOPER
Menu Key: ESCAPE
Stage Style: DECORATED
Scene Factory: class com.almasb.fxgl.app.SceneFactory
Dialog Factory: class com.almasb.fxgl.ui.FXGLDialogFactory
UI Factory: class com.almasb.fxgl.ui.FXGLUIFactory

09:49:26.737 [JavaFX Application Thread] DEBUG Engine               - Initializing FXGL
09:49:26.743 [JavaFX Application Thread] INFO  Engine               - FXGL-11.0-SNAPSHOT on DESKTOP
09:49:26.744 [JavaFX Application Thread] INFO  Engine               - Source code and latest versions at: https://github.com/AlmasB/FXGL
09:49:26.744 [JavaFX Application Thread] INFO  Engine               -              Join the FXGL chat at: https://gitter.im/AlmasB/FXGL
09:49:26.766 [JavaFX Application Thread] DEBUG SaveLoadManager      - Checking profiles dir: profiles/
09:49:26.770 [JavaFX Application Thread] DEBUG FS                   - Loaded MobileFSService
09:49:26.770 [JavaFX Application Thread] DEBUG Engine               - Loading localizations
09:49:26.781 [JavaFX Application Thread] DEBUG AssetLoader          - Loading from disk: /assets/properties/languages/english.properties
09:49:26.783 [JavaFX Application Thread] DEBUG AssetLoader          - Loading from disk: /assets/properties/languages/french.properties
09:49:26.785 [JavaFX Application Thread] DEBUG AssetLoader          - Loading from disk: /assets/properties/languages/german.properties
09:49:26.786 [JavaFX Application Thread] DEBUG AssetLoader          - Loading from disk: /assets/properties/languages/russian.properties
09:49:26.787 [JavaFX Application Thread] DEBUG AssetLoader          - Loading from disk: /assets/properties/languages/hungarian.properties
09:49:26.789 [JavaFX Application Thread] DEBUG Engine               - Registering font factories
09:49:26.790 [JavaFX Application Thread] DEBUG AssetLoader          - Loading from disk: /assets/ui/fonts/VarelaRound-Regular.ttf
09:49:26.933 [JavaFX Application Thread] DEBUG AssetLoader          - Loading from disk: /assets/ui/fonts/Abel-Regular.ttf
09:49:26.943 [JavaFX Application Thread] DEBUG AssetLoader          - Loading from disk: /assets/ui/fonts/lucida_console.ttf
09:49:26.954 [JavaFX Application Thread] DEBUG AssetLoader          - Loading from disk: /assets/ui/fonts/Courier-Prime.ttf
09:49:26.964 [JavaFX Application Thread] DEBUG Engine               - Setting UI factory
09:49:27.065 [JavaFX Application Thread] DEBUG AssetLoader          - Loading from disk: /assets/ui/cursors/fxgl_default.png
09:49:27.132 [JavaFX Application Thread] DEBUG MainWindow           - Creating a JavaFX scene
09:49:27.175 [JavaFX Application Thread] DEBUG MainWindow           - Target settings size: 480.0 x 800.0
09:49:27.176 [JavaFX Application Thread] DEBUG MainWindow           - Scaled scene size:    480.0 x 800.0
09:49:27.176 [JavaFX Application Thread] DEBUG MainWindow           - Scaled ratio: (1.0, 1.0)
09:49:27.176 [JavaFX Application Thread] DEBUG AssetLoader          - Loading from disk: /assets/ui/css/fxgl_dark.css
09:49:27.177 [JavaFX Application Thread] DEBUG Input                - Clearing active input actions
09:49:27.177 [JavaFX Application Thread] DEBUG MainWindow           - com.almasb.fxgl.app.StartupScene@5c90fe9 -> com.almasb.fxgl.app.StartupScene@5c90fe9
09:49:27.178 [JavaFX Application Thread] DEBUG AssetLoader          - Loading from disk: /assets/textures/fxgl_icon.png
09:49:27.192 [JavaFX Application Thread] DEBUG MainWindow           - Opening main window
09:49:27.301 [JavaFX Application Thread] DEBUG MainWindow           - Window border size: (16.0, 39.0)
09:49:27.301 [JavaFX Application Thread] DEBUG MainWindow           - Scaled size: 480.0 x 800.0
09:49:27.301 [JavaFX Application Thread] DEBUG MainWindow           - Scaled ratio: (1.0, 1.0)
09:49:27.301 [JavaFX Application Thread] DEBUG MainWindow           - Scene size: 480.0 x 800.0
09:49:27.301 [JavaFX Application Thread] DEBUG MainWindow           - Stage size: 496.0 x 839.0
09:49:27.324 [FXGL Background Thread 1 ] DEBUG Engine               - Loading FXGL system data
09:49:27.328 [FXGL Background Thread 1 ] DEBUG MobileFSService      - Reading from: C:\Users\mads_\OneDrive\Skrivebord\dm\Januar opgave\Ronhead\system\fxgl.bundle
09:49:27.334 [FXGL Background Thread 1 ] DEBUG Bundle               - Logging bundle: FXGL
09:49:27.335 [FXGL Background Thread 1 ] DEBUG Engine               - Initializing application scenes
09:49:27.336 [FXGL Background Thread 1 ] DEBUG AssetLoader          - Loading from disk: /assets/ui/cursors/fxgl_default.png
09:49:27.344 [FXGL Background Thread 1 ] DEBUG GameWorld            - Game world initialized
09:49:27.375 [FXGL Background Thread 1 ] DEBUG PhysicsWorld         - Physics world initialized: appHeight=800, physics.ppm=50,0
09:49:27.376 [FXGL Background Thread 1 ] DEBUG AssetLoader          - Loading from disk: /assets/ui/cursors/fxgl_default.png
09:49:27.377 [FXGL Background Thread 1 ] DEBUG GameScene            - Game scene initialized: 480x800
09:49:27.395 [FXGL Background Thread 1 ] DEBUG AssetLoader          - Loading from disk: /assets/ui/cursors/fxgl_default.png
09:49:27.405 [FXGL Background Thread 1 ] DEBUG AssetLoader          - Loading from disk: /assets/textures/particles/trace_horizontal.png
09:49:27.422 [FXGL Background Thread 1 ] DEBUG FXGL.DefaultMenu     - createMenuBodyMainMenu()
09:49:27.432 [FXGL Background Thread 1 ] DEBUG FXGL.DefaultMenu     - createOptionsMenu()
09:49:27.435 [FXGL Background Thread 1 ] DEBUG AssetLoader          - Loading from disk: /assets/textures/particles/smoke.png
09:49:27.468 [FXGL Background Thread 1 ] DEBUG AssetLoader          - Loading from disk: /assets/ui/cursors/fxgl_default.png
09:49:27.470 [FXGL Background Thread 1 ] DEBUG AssetLoader          - Loading from cache: /assets/textures/particles/trace_horizontal.png@64.0x64.0
09:49:27.470 [FXGL Background Thread 1 ] DEBUG FXGL.DefaultMenu     - createMenuBodyGameMenu()
09:49:27.471 [FXGL Background Thread 1 ] DEBUG FXGL.DefaultMenu     - createOptionsMenu()
09:49:27.473 [FXGL Background Thread 1 ] DEBUG AssetLoader          - Loading from cache: /assets/textures/particles/smoke.png@128.0x128.0
09:49:27.486 [FXGL Background Thread 1 ] DEBUG Engine               - Application scenes initialized
09:49:27.488 [JavaFX Application Thread] DEBUG Engine               - Running preInit()
09:49:27.495 [JavaFX Application Thread] DEBUG Input                - Registered new binding: Move Left - Left
09:49:27.495 [JavaFX Application Thread] DEBUG Input                - Registered new binding: Move Right - Right
09:49:27.496 [JavaFX Application Thread] DEBUG Input                - Registered new binding: Screenshot - P
09:49:27.496 [JavaFX Application Thread] DEBUG Input                - Registered new binding: Dev Options - 1
09:49:27.497 [JavaFX Application Thread] DEBUG Input                - Registered new binding: System info dump - CTRL+9
09:49:27.497 [JavaFX Application Thread] DEBUG Input                - Registered new binding: Restart - CTRL+R
09:49:27.497 [JavaFX Application Thread] DEBUG Engine               - generateDefaultProfile()
09:49:27.497 [JavaFX Application Thread] DEBUG Engine               - Creating default profile
09:49:27.497 [JavaFX Application Thread] DEBUG EventBus             - Firing event: SaveEvent
09:49:27.498 [JavaFX Application Thread] INFO  Engine               - FXGL initialization took: 0,728 sec
09:49:27.498 [JavaFX Application Thread] DEBUG LoopRunner           - Starting loop
09:49:27.508 [JavaFX Application Thread] DEBUG StartupScene         - STARTUP
09:49:27.509 [JavaFX Application Thread] DEBUG AssetLoader          - Loading from disk: /assets/ui/css/fxgl_dark.css
09:49:27.509 [JavaFX Application Thread] DEBUG Input                - Clearing active input actions
09:49:27.524 [JavaFX Application Thread] DEBUG MainWindow           - com.almasb.fxgl.app.StartupScene@5c90fe9 -> com.almasb.fxgl.app.FXGLDefaultMenu@7ff23a0a
09:49:28.316 [JavaFX Application Thread] DEBUG FXGL.Menu            - fireNewGame()
09:49:28.316 [JavaFX Application Thread] DEBUG Engine               - Starting new game
09:49:28.316 [JavaFX Application Thread] DEBUG AssetLoader          - Loading from disk: /assets/ui/css/fxgl_dark.css
09:49:28.316 [JavaFX Application Thread] DEBUG Input                - Clearing active input actions
09:49:28.322 [JavaFX Application Thread] DEBUG MainWindow           - com.almasb.fxgl.app.FXGLDefaultMenu@7ff23a0a -> com.almasb.fxgl.app.LoadingScene@af1d88e
09:49:28.326 [FXGL Background Thread 1 ] DEBUG InitAppTask          - Clearing previous game
09:49:28.326 [FXGL Background Thread 1 ] DEBUG GameWorld            - Clearing game world
09:49:28.326 [FXGL Background Thread 1 ] DEBUG PhysicsWorld         - Clearing physics world
09:49:28.326 [FXGL Background Thread 1 ] DEBUG GameScene            - Clearing game scene
09:49:28.326 [FXGL Background Thread 1 ] DEBUG InitAppTask          - Initializing Game
09:49:28.328 [FXGL Background Thread 1 ] DEBUG AssetLoader          - Loading from disk: /assets/textures/Ronhead.png
09:49:28.425 [FXGL Background Thread 1 ] DEBUG AudioPlayer          - Playing music com.almasb.fxgl.audio.Music@7bea8b0d
09:49:28.427 [FXGL Background Thread 1 ] DEBUG InitAppTask          - Initializing Physics
09:49:28.428 [FXGL Background Thread 1 ] DEBUG InitAppTask          - Initializing UI
09:49:28.430 [FXGL Background Thread 1 ] DEBUG InitAppTask          - Initialization Complete
09:49:28.430 [FXGL Background Thread 1 ] INFO  InitAppTask          - Game initialization took: 0,105 sec
09:49:28.432 [JavaFX Application Thread] DEBUG AssetLoader          - Loading from disk: /assets/ui/css/fxgl_dark.css
09:49:28.432 [JavaFX Application Thread] DEBUG Input                - Clearing active input actions
09:49:28.436 [JavaFX Application Thread] DEBUG MainWindow           - com.almasb.fxgl.app.LoadingScene@af1d88e -> com.almasb.fxgl.app.GameScene@78311d5b
09:49:29.376 [JavaFX Application Thread] DEBUG AssetLoader          - Loading from disk: /assets/textures/ball.png
09:49:29.985 [JavaFX Application Thread] DEBUG Engine               - Exiting FXGL
09:49:29.985 [JavaFX Application Thread] DEBUG Engine               - Shutting down background threads
09:49:29.985 [JavaFX Application Thread] DEBUG Engine               - Saving FXGL system data
09:49:29.986 [JavaFX Application Thread] DEBUG MobileFSService      - Writing to: C:\Users\mads_\OneDrive\Skrivebord\dm\Januar opgave\Ronhead\system\fxgl.bundle
09:49:29.988 [JavaFX Application Thread] DEBUG Engine               - Closing logger and exiting JavaFX
