09:42:33.172 [main                     ] DEBUG GameApplication      - Logger initialized
09:42:33.194 [main                     ] DEBUG GameApplication      - Logging settings
Title: Ronhead
Version: 1.0
Width: 480
Height: 800
Fullscreen: false
Intro: false
Menus: true
Profiling: false
Single step:false
App Mode: DEVELOPER
Menu Key: ESCAPE
Stage Style: DECORATED
Scene Factory: class com.almasb.fxgl.app.SceneFactory
Dialog Factory: class com.almasb.fxgl.ui.FXGLDialogFactory
UI Factory: class com.almasb.fxgl.ui.FXGLUIFactory

09:42:33.507 [JavaFX Application Thread] DEBUG Engine               - Initializing FXGL
09:42:33.514 [JavaFX Application Thread] INFO  Engine               - FXGL-11.0-SNAPSHOT on DESKTOP
09:42:33.514 [JavaFX Application Thread] INFO  Engine               - Source code and latest versions at: https://github.com/AlmasB/FXGL
09:42:33.514 [JavaFX Application Thread] INFO  Engine               -              Join the FXGL chat at: https://gitter.im/AlmasB/FXGL
09:42:33.540 [JavaFX Application Thread] DEBUG SaveLoadManager      - Checking profiles dir: profiles/
09:42:33.544 [JavaFX Application Thread] DEBUG FS                   - Loaded MobileFSService
09:42:33.544 [JavaFX Application Thread] DEBUG Engine               - Loading localizations
09:42:33.556 [JavaFX Application Thread] DEBUG AssetLoader          - Loading from disk: /assets/properties/languages/english.properties
09:42:33.558 [JavaFX Application Thread] DEBUG AssetLoader          - Loading from disk: /assets/properties/languages/french.properties
09:42:33.559 [JavaFX Application Thread] DEBUG AssetLoader          - Loading from disk: /assets/properties/languages/german.properties
09:42:33.560 [JavaFX Application Thread] DEBUG AssetLoader          - Loading from disk: /assets/properties/languages/russian.properties
09:42:33.561 [JavaFX Application Thread] DEBUG AssetLoader          - Loading from disk: /assets/properties/languages/hungarian.properties
09:42:33.563 [JavaFX Application Thread] DEBUG Engine               - Registering font factories
09:42:33.564 [JavaFX Application Thread] DEBUG AssetLoader          - Loading from disk: /assets/ui/fonts/VarelaRound-Regular.ttf
09:42:33.698 [JavaFX Application Thread] DEBUG AssetLoader          - Loading from disk: /assets/ui/fonts/Abel-Regular.ttf
09:42:33.705 [JavaFX Application Thread] DEBUG AssetLoader          - Loading from disk: /assets/ui/fonts/lucida_console.ttf
09:42:33.713 [JavaFX Application Thread] DEBUG AssetLoader          - Loading from disk: /assets/ui/fonts/Courier-Prime.ttf
09:42:33.720 [JavaFX Application Thread] DEBUG Engine               - Setting UI factory
09:42:33.822 [JavaFX Application Thread] DEBUG AssetLoader          - Loading from disk: /assets/ui/cursors/fxgl_default.png
09:42:33.888 [JavaFX Application Thread] DEBUG MainWindow           - Creating a JavaFX scene
09:42:33.929 [JavaFX Application Thread] DEBUG MainWindow           - Target settings size: 480.0 x 800.0
09:42:33.929 [JavaFX Application Thread] DEBUG MainWindow           - Scaled scene size:    480.0 x 800.0
09:42:33.929 [JavaFX Application Thread] DEBUG MainWindow           - Scaled ratio: (1.0, 1.0)
09:42:33.930 [JavaFX Application Thread] DEBUG AssetLoader          - Loading from disk: /assets/ui/css/fxgl_dark.css
09:42:33.930 [JavaFX Application Thread] DEBUG Input                - Clearing active input actions
09:42:33.930 [JavaFX Application Thread] DEBUG MainWindow           - com.almasb.fxgl.app.StartupScene@7777262f -> com.almasb.fxgl.app.StartupScene@7777262f
09:42:33.932 [JavaFX Application Thread] DEBUG AssetLoader          - Loading from disk: /assets/textures/fxgl_icon.png
09:42:33.947 [JavaFX Application Thread] DEBUG MainWindow           - Opening main window
09:42:34.080 [JavaFX Application Thread] DEBUG MainWindow           - Window border size: (16.0, 39.0)
09:42:34.080 [JavaFX Application Thread] DEBUG MainWindow           - Scaled size: 480.0 x 800.0
09:42:34.080 [JavaFX Application Thread] DEBUG MainWindow           - Scaled ratio: (1.0, 1.0)
09:42:34.080 [JavaFX Application Thread] DEBUG MainWindow           - Scene size: 480.0 x 800.0
09:42:34.080 [JavaFX Application Thread] DEBUG MainWindow           - Stage size: 496.0 x 839.0
09:42:34.095 [FXGL Background Thread 1 ] DEBUG Engine               - Loading FXGL system data
09:42:34.098 [FXGL Background Thread 1 ] DEBUG MobileFSService      - Reading from: C:\Users\mads_\OneDrive\Skrivebord\dm\Januar opgave\Ronhead\system\fxgl.bundle
09:42:34.104 [FXGL Background Thread 1 ] DEBUG Bundle               - Logging bundle: FXGL
09:42:34.104 [FXGL Background Thread 1 ] DEBUG Engine               - Initializing application scenes
09:42:34.105 [FXGL Background Thread 1 ] DEBUG AssetLoader          - Loading from disk: /assets/ui/cursors/fxgl_default.png
09:42:34.114 [FXGL Background Thread 1 ] DEBUG GameWorld            - Game world initialized
09:42:34.144 [FXGL Background Thread 1 ] DEBUG PhysicsWorld         - Physics world initialized: appHeight=800, physics.ppm=50,0
09:42:34.145 [FXGL Background Thread 1 ] DEBUG AssetLoader          - Loading from disk: /assets/ui/cursors/fxgl_default.png
09:42:34.147 [FXGL Background Thread 1 ] DEBUG GameScene            - Game scene initialized: 480x800
09:42:34.166 [FXGL Background Thread 1 ] DEBUG AssetLoader          - Loading from disk: /assets/ui/cursors/fxgl_default.png
09:42:34.176 [FXGL Background Thread 1 ] DEBUG AssetLoader          - Loading from disk: /assets/textures/particles/trace_horizontal.png
09:42:34.195 [FXGL Background Thread 1 ] DEBUG FXGL.DefaultMenu     - createMenuBodyMainMenu()
09:42:34.205 [FXGL Background Thread 1 ] DEBUG FXGL.DefaultMenu     - createOptionsMenu()
09:42:34.208 [FXGL Background Thread 1 ] DEBUG AssetLoader          - Loading from disk: /assets/textures/particles/smoke.png
09:42:34.242 [FXGL Background Thread 1 ] DEBUG AssetLoader          - Loading from disk: /assets/ui/cursors/fxgl_default.png
09:42:34.244 [FXGL Background Thread 1 ] DEBUG AssetLoader          - Loading from cache: /assets/textures/particles/trace_horizontal.png@64.0x64.0
09:42:34.244 [FXGL Background Thread 1 ] DEBUG FXGL.DefaultMenu     - createMenuBodyGameMenu()
09:42:34.245 [FXGL Background Thread 1 ] DEBUG FXGL.DefaultMenu     - createOptionsMenu()
09:42:34.247 [FXGL Background Thread 1 ] DEBUG AssetLoader          - Loading from cache: /assets/textures/particles/smoke.png@128.0x128.0
09:42:34.259 [FXGL Background Thread 1 ] DEBUG Engine               - Application scenes initialized
09:42:34.261 [JavaFX Application Thread] DEBUG Engine               - Running preInit()
09:42:34.268 [JavaFX Application Thread] DEBUG Input                - Registered new binding: Move Left - Left
09:42:34.269 [JavaFX Application Thread] DEBUG Input                - Registered new binding: Move Right - Right
09:42:34.269 [JavaFX Application Thread] DEBUG Input                - Registered new binding: Screenshot - P
09:42:34.270 [JavaFX Application Thread] DEBUG Input                - Registered new binding: Dev Options - 1
09:42:34.270 [JavaFX Application Thread] DEBUG Input                - Registered new binding: System info dump - CTRL+9
09:42:34.270 [JavaFX Application Thread] DEBUG Input                - Registered new binding: Restart - CTRL+R
09:42:34.270 [JavaFX Application Thread] DEBUG Engine               - generateDefaultProfile()
09:42:34.270 [JavaFX Application Thread] DEBUG Engine               - Creating default profile
09:42:34.271 [JavaFX Application Thread] DEBUG EventBus             - Firing event: SaveEvent
09:42:34.271 [JavaFX Application Thread] INFO  Engine               - FXGL initialization took: 0,727 sec
09:42:34.272 [JavaFX Application Thread] DEBUG LoopRunner           - Starting loop
09:42:34.278 [JavaFX Application Thread] DEBUG StartupScene         - STARTUP
09:42:34.279 [JavaFX Application Thread] DEBUG AssetLoader          - Loading from disk: /assets/ui/css/fxgl_dark.css
09:42:34.279 [JavaFX Application Thread] DEBUG Input                - Clearing active input actions
09:42:34.292 [JavaFX Application Thread] DEBUG MainWindow           - com.almasb.fxgl.app.StartupScene@7777262f -> com.almasb.fxgl.app.FXGLDefaultMenu@447f602a
09:42:35.039 [JavaFX Application Thread] DEBUG FXGL.Menu            - fireNewGame()
09:42:35.039 [JavaFX Application Thread] DEBUG Engine               - Starting new game
09:42:35.040 [JavaFX Application Thread] DEBUG AssetLoader          - Loading from disk: /assets/ui/css/fxgl_dark.css
09:42:35.040 [JavaFX Application Thread] DEBUG Input                - Clearing active input actions
09:42:35.046 [JavaFX Application Thread] DEBUG MainWindow           - com.almasb.fxgl.app.FXGLDefaultMenu@447f602a -> com.almasb.fxgl.app.LoadingScene@54b0f895
09:42:35.051 [FXGL Background Thread 1 ] DEBUG InitAppTask          - Clearing previous game
09:42:35.051 [FXGL Background Thread 1 ] DEBUG GameWorld            - Clearing game world
09:42:35.051 [FXGL Background Thread 1 ] DEBUG PhysicsWorld         - Clearing physics world
09:42:35.051 [FXGL Background Thread 1 ] DEBUG GameScene            - Clearing game scene
09:42:35.052 [FXGL Background Thread 1 ] DEBUG InitAppTask          - Initializing Game
09:42:35.054 [FXGL Background Thread 1 ] DEBUG AssetLoader          - Loading from disk: /assets/textures/Field.png
09:42:35.091 [FXGL Background Thread 1 ] DEBUG AssetLoader          - Loading from disk: /assets/textures/Ronhead.png
09:42:35.178 [FXGL Background Thread 1 ] DEBUG AudioPlayer          - Playing music com.almasb.fxgl.audio.Music@6ce3914f
09:42:35.185 [FXGL Background Thread 1 ] DEBUG InitAppTask          - Initializing Physics
09:42:35.187 [FXGL Background Thread 1 ] DEBUG InitAppTask          - Initializing UI
09:42:35.188 [FXGL Background Thread 1 ] DEBUG InitAppTask          - Initialization Complete
09:42:35.188 [FXGL Background Thread 1 ] INFO  InitAppTask          - Game initialization took: 0,137 sec
09:42:35.192 [JavaFX Application Thread] DEBUG AssetLoader          - Loading from disk: /assets/ui/css/fxgl_dark.css
09:42:35.192 [JavaFX Application Thread] DEBUG Input                - Clearing active input actions
09:42:35.196 [JavaFX Application Thread] DEBUG MainWindow           - com.almasb.fxgl.app.LoadingScene@54b0f895 -> com.almasb.fxgl.app.GameScene@5b0643e6
09:42:36.131 [JavaFX Application Thread] DEBUG AssetLoader          - Loading from disk: /assets/textures/ball.png
09:42:37.155 [JavaFX Application Thread] DEBUG AssetLoader          - Loading from cache: /assets/textures/ball.png
09:42:38.179 [JavaFX Application Thread] DEBUG AssetLoader          - Loading from cache: /assets/textures/ball.png
09:42:39.187 [JavaFX Application Thread] DEBUG AssetLoader          - Loading from cache: /assets/textures/ball.png
09:42:39.907 [JavaFX Application Thread] DEBUG AssetLoader          - Loading from cache: /assets/sounds/siii.wav
09:42:40.211 [JavaFX Application Thread] DEBUG AssetLoader          - Loading from cache: /assets/textures/ball.png
09:42:40.931 [JavaFX Application Thread] DEBUG AssetLoader          - Loading from cache: /assets/sounds/siii.wav
09:42:41.237 [JavaFX Application Thread] DEBUG Engine               - Exiting FXGL
09:42:41.237 [JavaFX Application Thread] DEBUG Engine               - Shutting down background threads
09:42:41.237 [JavaFX Application Thread] DEBUG Engine               - Saving FXGL system data
09:42:41.239 [JavaFX Application Thread] DEBUG MobileFSService      - Writing to: C:\Users\mads_\OneDrive\Skrivebord\dm\Januar opgave\Ronhead\system\fxgl.bundle
09:42:41.241 [JavaFX Application Thread] DEBUG Engine               - Closing logger and exiting JavaFX
